[1m[36m ________  _            ____    ____   _                          [0m
[1m[36m|_   __  |(_)          |_   \  /   _| (_)                         [0m
[1m[36m  | |_ \_|__   _ .--.    |   \/   |   __   _ .--.  .---.  _ .--.  [0m
[1m[36m  |  _|  [  | [ `.-. |   | |\  /| |  [  | [ `.-. |/ /__\\[ `/'`\] [0m
[1m[36m _| |_    | |  | | | |  _| |_\/_| |_  | |  | | | || \__., | |     [0m
[1m[36m|_____|  [___][___||__]|_____||_____|[___][___||__]'.__.'[___]    [0m
[1m[36m
[0m
[1m[36m(c) Finom AG
[0m
[1m[36mVersion 2.1.2[0m
[37m2018-07-12 16:39:06: CUDA driver version is 9.1, runtime version is 8.0[0m
[37m2018-07-12 16:39:06: Single device detected[0m
[1m[32mGPU#0: Platform: CUDA, Name: GeForce GTX 1060 6GB, 6078 MB available[0m
[1m[35mAlgorithm: Ethash, currency: Ethereum[0m
[1m[35mWallet: 0x0074709077B8AE5a245E4ED161C971Dc4c3C8E2B[0m
[1m[35mRig name: [0m
[1m[35mEmail was not set.[0m
[1m[35mPassword was not set.[0m
[1m[35mPort was not set.[0m
[1m[35mAdded pool: eth-eu1.nanopool.org:9999[0m
[1m[35mAdded pool: eth-eu2.nanopool.org:9999[0m
[1m[35mAdded pool: eth-us-east1.nanopool.org:9999[0m
[1m[35mAdded pool: eth-us-west1.nanopool.org:9999[0m
[1m[35mAdded pool: eth-asia1.nanopool.org:9999[0m
[1m[35mAdded pool: eth-jp1.nanopool.org:9999[0m
[1m[35mAdded pool: eth-au1.nanopool.org:9999[0m
